<?xml version="1.0" encoding="UTF-8"?>
<!-- Generated by org.testng.reporters.JUnitXMLReporter -->
<testsuite ignored="0" hostname="LAPTOP-KL864C4V" failures="0" tests="3" name="grouptest" time="14.663" errors="0" timestamp="2025-03-18T19:51:07 IST">
  <testcase classname="testscripts.ManageNewsTest" name="verifyEditNews" time="2.087"/>
  <testcase classname="testscripts.ManageNewsTest" name="verifyTheNewsDelete" time="1.499"/>
  <testcase classname="testscripts.ManageNewsTest" name="verifyToAddNews" time="2.114"/>
</testsuite> <!-- grouptest -->
