<?xml version="1.0" encoding="UTF-8"?>
<!-- Generated by org.testng.reporters.JUnitXMLReporter -->
<testsuite ignored="0" hostname="LAPTOP-KL864C4V" failures="1" tests="5" name="test1" time="34.527" errors="0" timestamp="2025-03-12T20:34:03 IST">
  <testcase classname="testscripts.LoginTest" name="verifyLoginWithInValidUserNameInValidPassword" time="1.042"/>
  <testcase classname="testscripts.LoginTest" name="verifyLoginWithInvalidUserNameValidPassword" time="0.656"/>
  <testcase classname="testscripts.LoginTest" name="verifyLoginWithValidCredentials" time="3.503"/>
  <testcase classname="testscripts.LoginTest" name="verifyLoginWithValidUserNameInvalidPassword" time="0.628"/>
  <testcase classname="testscripts.LoginTest" name="verifyUsingValidCredentials" time="0.018">
    <failure type="java.io.FileNotFoundException" message="C:\Users\USER\Eclipse_Workspace\groceryapplicationsrc\test\resources\testdata\groceryapplication.xlsx (The system cannot find the path specified)">
      <![CDATA[java.io.FileNotFoundException: C:\Users\USER\Eclipse_Workspace\groceryapplicationsrc\test\resources\testdata\groceryapplication.xlsx (The system cannot find the path specified)
at java.base/java.io.FileInputStream.open0(Native Method)
at java.base/java.io.FileInputStream.open(FileInputStream.java:216)
at java.base/java.io.FileInputStream.<init>(FileInputStream.java:157)
at java.base/java.io.FileInputStream.<init>(FileInputStream.java:111)
at utility.ExcelUtility.readStringData(ExcelUtility.java:16)
at pages.LoginPage.loginUsingExcelData(LoginPage.java:54)
at testscripts.LoginTest.verifyUsingValidCredentials(LoginTest.java:78)
at java.base/java.util.ArrayList.forEach(ArrayList.java:1511)
at java.base/java.util.concurrent.FutureTask.run(FutureTask.java:264)
at java.base/java.util.concurrent.ThreadPoolExecutor.runWorker(ThreadPoolExecutor.java:1136)
at java.base/java.util.concurrent.ThreadPoolExecutor$Worker.run(ThreadPoolExecutor.java:635)
at java.base/java.lang.Thread.run(Thread.java:842)
... Removed 17 stack frames]]>
    </failure>
  </testcase> <!-- verifyUsingValidCredentials -->
</testsuite> <!-- test1 -->
